<?xml version="1.0" encoding="UTF-8"?>
<testng-results ignored="0" total="1" passed="1" failed="0" skipped="0">
  <reporter-output>
  </reporter-output>
  <suite started-at="2025-08-21T14:19:12 IST" name="Default suite" finished-at="2025-08-21T14:19:32 IST" duration-ms="19648">
    <groups>
    </groups>
    <test started-at="2025-08-21T14:19:12 IST" name="Default test" finished-at="2025-08-21T14:19:32 IST" duration-ms="19648">
      <class name="Testcases.Testcases">
        <test-method is-config="true" signature="setup()[pri:0, instance:Testcases.Testcases@6069db50]" started-at="2025-08-21T14:19:12 IST" name="setup" finished-at="2025-08-21T14:19:20 IST" duration-ms="7868" status="PASS">
          <reporter-output>
          </reporter-output>
        </test-method> <!-- setup -->
        <test-method signature="testCase1()[pri:0, instance:Testcases.Testcases@6069db50]" started-at="2025-08-21T14:19:20 IST" name="testCase1" finished-at="2025-08-21T14:19:30 IST" duration-ms="9710" status="PASS">
          <reporter-output>
          </reporter-output>
        </test-method> <!-- testCase1 -->
        <test-method is-config="true" signature="tearDown()[pri:0, instance:Testcases.Testcases@6069db50]" started-at="2025-08-21T14:19:30 IST" name="tearDown" finished-at="2025-08-21T14:19:32 IST" duration-ms="2012" status="PASS">
          <reporter-output>
          </reporter-output>
        </test-method> <!-- tearDown -->
      </class> <!-- Testcases.Testcases -->
    </test> <!-- Default test -->
  </suite> <!-- Default suite -->
</testng-results>
